[2024-09-25 10:47:20] Error [2]: Undefined array key "menu" in D:\laragon\www\apps\tugas\deo_gratias_farma\views\kategori-obat.php on line 45
[2024-09-25 10:47:20] Error [2]: Undefined array key "menu" in D:\laragon\www\apps\tugas\deo_gratias_farma\views\kategori-obat.php on line 52
[2024-09-25 10:47:20] Error [2]: Undefined array key "menu" in D:\laragon\www\apps\tugas\deo_gratias_farma\views\kategori-obat.php on line 56
[2024-09-25 10:47:20] Error [2]: Undefined array key "menu" in D:\laragon\www\apps\tugas\deo_gratias_farma\views\kategori-obat.php on line 74
[2024-09-25 10:47:20] Error [2]: Undefined array key "menu" in D:\laragon\www\apps\tugas\deo_gratias_farma\views\kategori-obat.php on line 81
[2024-09-25 10:47:20] Error [2]: Undefined array key "menu" in D:\laragon\www\apps\tugas\deo_gratias_farma\views\kategori-obat.php on line 83
[2024-09-25 10:47:29] Error [2]: Undefined array key "menu" in D:\laragon\www\apps\tugas\deo_gratias_farma\views\kategori-obat.php on line 45
[2024-09-25 10:47:29] Error [2]: Undefined array key "menu" in D:\laragon\www\apps\tugas\deo_gratias_farma\views\kategori-obat.php on line 52
[2024-09-25 10:47:29] Error [2]: Undefined array key "menu" in D:\laragon\www\apps\tugas\deo_gratias_farma\views\kategori-obat.php on line 56
[2024-09-25 10:47:29] Error [2]: Undefined array key "menu" in D:\laragon\www\apps\tugas\deo_gratias_farma\views\kategori-obat.php on line 74
[2024-09-25 10:47:29] Error [2]: Undefined array key "menu" in D:\laragon\www\apps\tugas\deo_gratias_farma\views\kategori-obat.php on line 81
[2024-09-25 10:47:29] Error [2]: Undefined array key "menu" in D:\laragon\www\apps\tugas\deo_gratias_farma\views\kategori-obat.php on line 83
[2024-09-25 10:49:14] Error [2]: Undefined array key "menu" in D:\laragon\www\apps\tugas\deo_gratias_farma\views\kategori-obat.php on line 48
[2024-09-25 10:49:16] Error [2]: Undefined array key "menu" in D:\laragon\www\apps\tugas\deo_gratias_farma\views\kategori-obat.php on line 48
[2024-09-25 12:11:58] Error [2]: Undefined array key "nama_kategori" in D:\laragon\www\apps\tugas\deo_gratias_farma\views\obat.php on line 50
[2024-09-25 12:13:35] Error [2]: Undefined array key "nama_kategori" in D:\laragon\www\apps\tugas\deo_gratias_farma\views\obat.php on line 50
[2024-09-25 12:13:57] Error [2]: Undefined array key "nama_kategori" in D:\laragon\www\apps\tugas\deo_gratias_farma\views\obat.php on line 50
[2024-09-25 12:13:59] Error [2]: Undefined array key "nama_kategori" in D:\laragon\www\apps\tugas\deo_gratias_farma\views\obat.php on line 50
[2024-09-25 12:38:07] Error [2]: Undefined variable $view_kategori_obat in D:\laragon\www\apps\tugas\deo_gratias_farma\views\penerimaan-obat.php on line 32
[2024-09-25 12:38:07] Error [2]: foreach() argument must be of type array|object, null given in D:\laragon\www\apps\tugas\deo_gratias_farma\views\penerimaan-obat.php on line 32
[2024-09-25 13:35:28] Error [2]: Undefined variable $view_penerimaan_obat in D:\laragon\www\apps\tugas\deo_gratias_farma\views\pengeluaran-obat.php on line 42
[2024-09-25 13:35:28] Error [2]: foreach() argument must be of type array|object, null given in D:\laragon\www\apps\tugas\deo_gratias_farma\views\pengeluaran-obat.php on line 42
[2024-09-25 13:35:45] Error [2]: Undefined variable $view_penerimaan_obat in D:\laragon\www\apps\tugas\deo_gratias_farma\views\pengeluaran-obat.php on line 42
[2024-09-25 13:35:45] Error [2]: foreach() argument must be of type array|object, null given in D:\laragon\www\apps\tugas\deo_gratias_farma\views\pengeluaran-obat.php on line 42
[2024-09-25 21:42:40] Error [2]: Undefined variable $view_kategori_obat in D:\laragon\www\apps\tugas\deo_gratias_farma\views\index.php on line 167
[2024-09-25 21:42:40] Error [2]: foreach() argument must be of type array|object, null given in D:\laragon\www\apps\tugas\deo_gratias_farma\views\index.php on line 167
[2024-09-25 21:42:40] Error [2]: Undefined variable $view_kategori_obat in D:\laragon\www\apps\tugas\deo_gratias_farma\views\index.php on line 167
[2024-09-25 21:42:40] Error [2]: foreach() argument must be of type array|object, null given in D:\laragon\www\apps\tugas\deo_gratias_farma\views\index.php on line 167
[2024-09-25 21:42:40] Error [2]: Undefined variable $view_kategori_obat in D:\laragon\www\apps\tugas\deo_gratias_farma\views\index.php on line 167
[2024-09-25 21:42:40] Error [2]: foreach() argument must be of type array|object, null given in D:\laragon\www\apps\tugas\deo_gratias_farma\views\index.php on line 167
[2024-09-25 21:42:40] Error [2]: Undefined variable $view_kategori_obat in D:\laragon\www\apps\tugas\deo_gratias_farma\views\index.php on line 167
[2024-09-25 21:42:40] Error [2]: foreach() argument must be of type array|object, null given in D:\laragon\www\apps\tugas\deo_gratias_farma\views\index.php on line 167
[2024-09-25 21:42:40] Error [2]: Undefined variable $view_kategori_obat in D:\laragon\www\apps\tugas\deo_gratias_farma\views\index.php on line 167
[2024-09-25 21:42:40] Error [2]: foreach() argument must be of type array|object, null given in D:\laragon\www\apps\tugas\deo_gratias_farma\views\index.php on line 167
[2024-09-25 21:43:42] Error [2]: Undefined variable $view_kategori_obat in D:\laragon\www\apps\tugas\deo_gratias_farma\views\index.php on line 167
[2024-09-25 21:43:42] Error [2]: foreach() argument must be of type array|object, null given in D:\laragon\www\apps\tugas\deo_gratias_farma\views\index.php on line 167
[2024-09-25 21:44:08] Error [2]: Undefined variable $view_kategori_obat in D:\laragon\www\apps\tugas\deo_gratias_farma\views\index.php on line 167
[2024-09-25 21:44:08] Error [2]: foreach() argument must be of type array|object, null given in D:\laragon\www\apps\tugas\deo_gratias_farma\views\index.php on line 167
[2025-06-25 02:31:06] Error [2]: Undefined variable $view_penerimaan_obat in /Applications/XAMPP/xamppfiles/htdocs/apps/website/tugas/deo_gratias_farma/views/laporan.php on line 82
[2025-06-25 02:33:59] Error [2]: Undefined variable $view_penerimaan_obat in /Applications/XAMPP/xamppfiles/htdocs/apps/website/tugas/deo_gratias_farma/views/laporan.php on line 83
[2025-06-25 02:33:59] Error [2]: foreach() argument must be of type array|object, null given in /Applications/XAMPP/xamppfiles/htdocs/apps/website/tugas/deo_gratias_farma/views/laporan.php on line 83
[2025-06-25 02:34:00] Error [2]: Undefined variable $view_penerimaan_obat in /Applications/XAMPP/xamppfiles/htdocs/apps/website/tugas/deo_gratias_farma/views/laporan.php on line 83
[2025-06-25 02:34:00] Error [2]: foreach() argument must be of type array|object, null given in /Applications/XAMPP/xamppfiles/htdocs/apps/website/tugas/deo_gratias_farma/views/laporan.php on line 83
[2025-06-25 03:26:20] Error [2]: Undefined variable $view_obat in /Applications/XAMPP/xamppfiles/htdocs/apps/website/tugas/deo_gratias_farma/views/laporan.php on line 178
[2025-06-25 03:26:20] Error [2]: foreach() argument must be of type array|object, null given in /Applications/XAMPP/xamppfiles/htdocs/apps/website/tugas/deo_gratias_farma/views/laporan.php on line 178
